<?xml version="1.0" encoding="UTF-8"?>
<!-- Generated by org.testng.reporters.JUnitXMLReporter -->
<testsuite ignored="3" hostname="LAPTOP-3HNND56P" failures="0" tests="1" name="Default test" time="59.816" errors="0" timestamp="2022-03-19T14:17:20 IST">
  <testcase classname="testcases.LoginTest" name="LoginFailiureTest" time="49.773"/>
  <testcase classname="testcases.LoginTest" name="ExternalDataTest" time="0.0">
    <ignored/>
  </testcase> <!-- ExternalDataTest -->
  <testcase classname="testcases.LoginTest" name="LoginSuccessTest" time="0.0">
    <ignored/>
  </testcase> <!-- LoginSuccessTest -->
  <testcase classname="testcases.LoginTest" name="ParameterizedTest" time="0.0">
    <ignored/>
  </testcase> <!-- ParameterizedTest -->
</testsuite> <!-- Default test -->
