<?xml version="1.0" encoding="UTF-8"?>
<!-- Generated by org.testng.reporters.JUnitXMLReporter -->
<testsuite ignored="0" hostname="LAPTOP-3HNND56P" failures="0" tests="4" name="Test" time="78.629" errors="0" timestamp="2022-03-19T11:20:35 IST">
  <testcase classname="testcases.LoginTest" name="ExternalDataTest" time="11.85"/>
  <testcase classname="testcases.LoginTest" name="LoginFailiureTest" time="10.72"/>
  <testcase classname="testcases.LoginTest" name="LoginSuccessTest" time="12.739"/>
  <testcase classname="testcases.LoginTest" name="ParamererizedTest" time="9.535"/>
</testsuite> <!-- Test -->
