<?xml version="1.0" encoding="UTF-8"?>
<!-- Generated by org.testng.reporters.JUnitXMLReporter -->
<testsuite ignored="0" hostname="LAPTOP-3HNND56P" failures="0" tests="4" name="Test" time="74.044" errors="0" timestamp="2022-03-19T12:22:56 IST">
  <testcase classname="testcases.LoginTest" name="ExternalDataTest" time="8.153"/>
  <testcase classname="testcases.LoginTest" name="LoginFailiureTest" time="10.715"/>
  <testcase classname="testcases.LoginTest" name="LoginSuccessTest" time="10.613"/>
  <testcase classname="testcases.LoginTest" name="ParamererizedTest" time="9.992"/>
</testsuite> <!-- Test -->
