<?xml version="1.0" encoding="UTF-8"?>
<!-- Generated by org.testng.reporters.JUnitXMLReporter -->
<testsuite ignored="0" hostname="LAPTOP-3HNND56P" failures="0" tests="4" name="Test" time="274.787" errors="0" timestamp="2022-03-19T14:23:15 IST">
  <testcase classname="testcases.LoginTest" name="ExternalDataTest" time="17.05"/>
  <testcase classname="testcases.LoginTest" name="LoginFailiureTest" time="18.192"/>
  <testcase classname="testcases.LoginTest" name="LoginSuccessTest" time="66.141"/>
  <testcase classname="testcases.LoginTest" name="ParameterizedTest" time="137.618"/>
</testsuite> <!-- Test -->
