<?xml version="1.0" encoding="UTF-8"?>
<testng-results ignored="0" total="4" passed="4" failed="0" skipped="0">
  <reporter-output>
  </reporter-output>
  <suite started-at="2022-03-19T14:18:40 IST" name="Suite" finished-at="2022-03-19T14:23:15 IST" duration-ms="274787">
    <groups>
    </groups>
    <test started-at="2022-03-19T14:18:40 IST" name="Test" finished-at="2022-03-19T14:23:15 IST" duration-ms="274787">
      <class name="testcases.LoginTest">
        <test-method is-config="true" signature="DataSetUP()[pri:0, instance:testcases.LoginTest@6bedbc4d]" started-at="2022-03-19T14:18:40 IST" name="DataSetUP" finished-at="2022-03-19T14:18:41 IST" duration-ms="878" status="PASS">
          <reporter-output>
          </reporter-output>
        </test-method> <!-- DataSetUP -->
        <test-method is-config="true" signature="SetUp(java.lang.reflect.Method)[pri:0, instance:testcases.LoginTest@6bedbc4d]" started-at="2022-03-19T14:18:41 IST" name="SetUp" finished-at="2022-03-19T14:18:51 IST" duration-ms="9826" status="PASS">
          <params>
            <param index="0">
              <value>
                <![CDATA[public void testcases.LoginTest.ExternalDataTest()]]>
              </value>
            </param>
          </params>
          <reporter-output>
          </reporter-output>
        </test-method> <!-- SetUp -->
        <test-method signature="ExternalDataTest()[pri:0, instance:testcases.LoginTest@6bedbc4d]" started-at="2022-03-19T14:18:51 IST" name="ExternalDataTest" finished-at="2022-03-19T14:19:08 IST" duration-ms="17050" status="PASS">
          <reporter-output>
          </reporter-output>
        </test-method> <!-- ExternalDataTest -->
        <test-method is-config="true" signature="TearDown()[pri:0, instance:testcases.LoginTest@6bedbc4d]" started-at="2022-03-19T14:19:08 IST" name="TearDown" finished-at="2022-03-19T14:19:09 IST" duration-ms="1021" status="PASS">
          <reporter-output>
          </reporter-output>
        </test-method> <!-- TearDown -->
        <test-method is-config="true" signature="SetUp(java.lang.reflect.Method)[pri:0, instance:testcases.LoginTest@6bedbc4d]" started-at="2022-03-19T14:19:09 IST" name="SetUp" finished-at="2022-03-19T14:19:16 IST" duration-ms="7051" status="PASS">
          <params>
            <param index="0">
              <value>
                <![CDATA[public void testcases.LoginTest.LoginFailiureTest()]]>
              </value>
            </param>
          </params>
          <reporter-output>
          </reporter-output>
        </test-method> <!-- SetUp -->
        <test-method signature="LoginFailiureTest()[pri:0, instance:testcases.LoginTest@6bedbc4d]" started-at="2022-03-19T14:19:16 IST" name="LoginFailiureTest" finished-at="2022-03-19T14:19:35 IST" duration-ms="18192" status="PASS">
          <reporter-output>
          </reporter-output>
        </test-method> <!-- LoginFailiureTest -->
        <test-method is-config="true" signature="TearDown()[pri:0, instance:testcases.LoginTest@6bedbc4d]" started-at="2022-03-19T14:19:35 IST" name="TearDown" finished-at="2022-03-19T14:19:35 IST" duration-ms="840" status="PASS">
          <reporter-output>
          </reporter-output>
        </test-method> <!-- TearDown -->
        <test-method is-config="true" signature="SetUp(java.lang.reflect.Method)[pri:0, instance:testcases.LoginTest@6bedbc4d]" started-at="2022-03-19T14:19:35 IST" name="SetUp" finished-at="2022-03-19T14:19:42 IST" duration-ms="6816" status="PASS">
          <params>
            <param index="0">
              <value>
                <![CDATA[public void testcases.LoginTest.LoginSuccessTest()]]>
              </value>
            </param>
          </params>
          <reporter-output>
          </reporter-output>
        </test-method> <!-- SetUp -->
        <test-method signature="LoginSuccessTest()[pri:0, instance:testcases.LoginTest@6bedbc4d]" started-at="2022-03-19T14:19:42 IST" name="LoginSuccessTest" finished-at="2022-03-19T14:20:48 IST" duration-ms="66141" status="PASS">
          <reporter-output>
          </reporter-output>
        </test-method> <!-- LoginSuccessTest -->
        <test-method is-config="true" signature="TearDown()[pri:0, instance:testcases.LoginTest@6bedbc4d]" started-at="2022-03-19T14:20:48 IST" name="TearDown" finished-at="2022-03-19T14:20:49 IST" duration-ms="858" status="PASS">
          <reporter-output>
          </reporter-output>
        </test-method> <!-- TearDown -->
        <test-method is-config="true" signature="SetUp(java.lang.reflect.Method)[pri:0, instance:testcases.LoginTest@6bedbc4d]" started-at="2022-03-19T14:20:49 IST" name="SetUp" finished-at="2022-03-19T14:20:56 IST" duration-ms="7074" status="PASS">
          <params>
            <param index="0">
              <value>
                <![CDATA[public void testcases.LoginTest.ParameterizedTest(java.lang.String,java.lang.String)]]>
              </value>
            </param>
          </params>
          <reporter-output>
          </reporter-output>
        </test-method> <!-- SetUp -->
        <test-method signature="ParameterizedTest(java.lang.String,java.lang.String)[pri:0, instance:testcases.LoginTest@6bedbc4d]" started-at="2022-03-19T14:20:56 IST" name="ParameterizedTest" finished-at="2022-03-19T14:23:14 IST" duration-ms="137618" status="PASS">
          <params>
            <param index="0">
              <value>
                <![CDATA[xyz@abc.com]]>
              </value>
            </param>
            <param index="1">
              <value>
                <![CDATA[Abc@12345]]>
              </value>
            </param>
          </params>
          <reporter-output>
          </reporter-output>
        </test-method> <!-- ParameterizedTest -->
        <test-method is-config="true" signature="TearDown()[pri:0, instance:testcases.LoginTest@6bedbc4d]" started-at="2022-03-19T14:23:14 IST" name="TearDown" finished-at="2022-03-19T14:23:15 IST" duration-ms="1017" status="PASS">
          <reporter-output>
          </reporter-output>
        </test-method> <!-- TearDown -->
        <test-method is-config="true" signature="DataTearDown()[pri:0, instance:testcases.LoginTest@6bedbc4d]" started-at="2022-03-19T14:23:15 IST" name="DataTearDown" finished-at="2022-03-19T14:23:15 IST" duration-ms="347" status="PASS">
          <reporter-output>
          </reporter-output>
        </test-method> <!-- DataTearDown -->
      </class> <!-- testcases.LoginTest -->
    </test> <!-- Test -->
  </suite> <!-- Suite -->
</testng-results>
